<?xml version="1.0" encoding="utf-8"?><testsuites name="pytest tests"><testsuite name="pytest" errors="0" failures="0" skipped="0" tests="17" time="6.011" timestamp="2026-06-11T15:00:44.459253+00:00" hostname="agent-env-44f2889c-b003-42a1-b25c-6a9c3ed4965a"><testcase classname="backend.tests.backend_test.TestAuth" name="test_me" time="1.995" /><testcase classname="backend.tests.backend_test.TestAuth" name="test_patch_bio" time="0.393" /><testcase classname="backend.tests.backend_test.TestAuth" name="test_avatar_upload" time="0.171" /><testcase classname="backend.tests.backend_test.TestUsers" name="test_search_nixon" time="0.191" /><testcase classname="backend.tests.backend_test.TestUsers" name="test_followers_by_id" time="0.191" /><testcase classname="backend.tests.backend_test.TestUsers" name="test_following_by_id" time="0.188" /><testcase classname="backend.tests.backend_test.TestUsers" name="test_my_blocks_empty" time="0.185" /><testcase classname="backend.tests.backend_test.TestUsers" name="test_block_unblock_nixon" time="0.354" /><testcase classname="backend.tests.backend_test.TestVideoSocial" name="test_like_toggle" time="0.506" /><testcase classname="backend.tests.backend_test.TestVideoSocial" name="test_list_comments" time="0.185" /><testcase classname="backend.tests.backend_test.TestVideoSocial" name="test_add_then_delete_comment" time="0.526" /><testcase classname="backend.tests.backend_test.TestMisc" name="test_notifications_list" time="0.164" /><testcase classname="backend.tests.backend_test.TestMisc" name="test_unread_count" time="0.203" /><testcase classname="backend.tests.backend_test.TestMisc" name="test_mark_read" time="0.190" /><testcase classname="backend.tests.backend_test.TestMisc" name="test_config" time="0.153" /><testcase classname="backend.tests.backend_test.TestMisc" name="test_legal_terms" time="0.158" /><testcase classname="backend.tests.backend_test.TestMisc" name="test_legal_privacy" time="0.157" /></testsuite></testsuites>